<?xml version="1.0" encoding="UTF-8"?>
<!-- Generated by org.testng.reporters.JUnitXMLReporter -->
<testsuite ignored="13" hostname="DESKTOP-IHSJ2SN" failures="0" tests="2" name="Default test" time="16.804" errors="0" timestamp="2025-01-11T13:15:03 EET">
  <testcase classname="automationpractice.Testpractice" name="Download_file_to_test" time="0.728"/>
  <testcase classname="automationpractice.Testpractice" name="CheckTheTitle" time="0.072"/>
  <testcase classname="automationpractice.Testpractice" name="Switch_To_Alert" time="0.0">
    <ignored/>
  </testcase> <!-- Switch_To_Alert -->
  <testcase classname="automationpractice.Testpractice" name="Radio_Button_Example" time="0.0">
    <ignored/>
  </testcase> <!-- Radio_Button_Example -->
  <testcase classname="automationpractice.Testpractice" name="Static_Dropdown" time="0.0">
    <ignored/>
  </testcase> <!-- Static_Dropdown -->
  <testcase classname="automationpractice.Testpractice" name="Checkbox" time="0.0">
    <ignored/>
  </testcase> <!-- Checkbox -->
  <testcase classname="automationpractice.Testpractice" name="Enabled_Disabled" time="0.0">
    <ignored/>
  </testcase> <!-- Enabled_Disabled -->
  <testcase classname="automationpractice.Testpractice" name="Element_Displayed" time="0.0">
    <ignored/>
  </testcase> <!-- Element_Displayed -->
  <testcase classname="automationpractice.Testpractice" name="iFrame_Example" time="0.0">
    <ignored/>
  </testcase> <!-- iFrame_Example -->
  <testcase classname="automationpractice.Testpractice" name="Switch_Window" time="0.0">
    <ignored/>
  </testcase> <!-- Switch_Window -->
  <testcase classname="automationpractice.Testpractice" name="Calendar_Example" time="0.0">
    <ignored/>
  </testcase> <!-- Calendar_Example -->
  <testcase classname="automationpractice.Testpractice" name="Mouse_Hover" time="0.0">
    <ignored/>
  </testcase> <!-- Mouse_Hover -->
  <testcase classname="automationpractice.Testpractice" name="Switch_Tab" time="0.0">
    <ignored/>
  </testcase> <!-- Switch_Tab -->
  <testcase classname="automationpractice.Testpractice" name="Web_Table" time="0.0">
    <ignored/>
  </testcase> <!-- Web_Table -->
  <testcase classname="automationpractice.Testpractice" name="Dynamic_Dropdown" time="0.0">
    <ignored/>
  </testcase> <!-- Dynamic_Dropdown -->
</testsuite> <!-- Default test -->
