<?xml version="1.0" encoding="UTF-8"?>
<testng-results ignored="13" total="15" passed="2" failed="0" skipped="0">
  <reporter-output>
  </reporter-output>
  <suite started-at="2025-01-11T13:14:46 EET" name="Default suite" finished-at="2025-01-11T13:15:03 EET" duration-ms="16804">
    <groups>
    </groups>
    <test started-at="2025-01-11T13:14:46 EET" name="Default test" finished-at="2025-01-11T13:15:03 EET" duration-ms="16804">
      <class name="automationpractice.Testpractice">
        <test-method is-config="true" signature="mySetup()[pri:0, instance:automationpractice.Testpractice@75cd8043]" started-at="2025-01-11T13:14:46 EET" name="mySetup" finished-at="2025-01-11T13:15:02 EET" duration-ms="15806" status="PASS">
          <reporter-output>
          </reporter-output>
        </test-method> <!-- mySetup -->
        <test-method signature="Download_file_to_test()[pri:14, instance:automationpractice.Testpractice@75cd8043]" started-at="2025-01-11T13:15:02 EET" name="Download_file_to_test" description="download the file inside the main page" finished-at="2025-01-11T13:15:03 EET" duration-ms="728" status="PASS">
          <reporter-output>
          </reporter-output>
        </test-method> <!-- Download_file_to_test -->
        <test-method signature="CheckTheTitle()[pri:15, instance:automationpractice.Testpractice@75cd8043]" started-at="2025-01-11T13:15:03 EET" name="CheckTheTitle" finished-at="2025-01-11T13:15:03 EET" duration-ms="72" status="PASS">
          <reporter-output>
          </reporter-output>
        </test-method> <!-- CheckTheTitle -->
      </class> <!-- automationpractice.Testpractice -->
    </test> <!-- Default test -->
  </suite> <!-- Default suite -->
</testng-results>
