<?xml version="1.0" encoding="UTF-8"?>
<!-- Generated by org.testng.reporters.JUnitReportReporter -->
<testsuite hostname="DESKTOP-IHSJ2SN" failures="0" tests="15" name="automationpractice.Testpractice" time="0.800" errors="0" timestamp="2025-01-11T13:15:03 EET" skipped="13">
  <testcase classname="automationpractice.Testpractice" name="Download_file_to_test" time="0.728"/>
  <system-out/>
  <testcase classname="automationpractice.Testpractice" name="CheckTheTitle" time="0.072"/>
  <system-out/>
  <testcase classname="automationpractice.Testpractice" name="Switch_To_Alert">
    <skipped/>
  </testcase> <!-- Switch_To_Alert -->
  <system-out/>
  <testcase classname="automationpractice.Testpractice" name="Radio_Button_Example">
    <skipped/>
  </testcase> <!-- Radio_Button_Example -->
  <system-out/>
  <testcase classname="automationpractice.Testpractice" name="Static_Dropdown">
    <skipped/>
  </testcase> <!-- Static_Dropdown -->
  <system-out/>
  <testcase classname="automationpractice.Testpractice" name="Checkbox">
    <skipped/>
  </testcase> <!-- Checkbox -->
  <system-out/>
  <testcase classname="automationpractice.Testpractice" name="Enabled_Disabled">
    <skipped/>
  </testcase> <!-- Enabled_Disabled -->
  <system-out/>
  <testcase classname="automationpractice.Testpractice" name="Element_Displayed">
    <skipped/>
  </testcase> <!-- Element_Displayed -->
  <system-out/>
  <testcase classname="automationpractice.Testpractice" name="iFrame_Example">
    <skipped/>
  </testcase> <!-- iFrame_Example -->
  <system-out/>
  <testcase classname="automationpractice.Testpractice" name="Switch_Window">
    <skipped/>
  </testcase> <!-- Switch_Window -->
  <system-out/>
  <testcase classname="automationpractice.Testpractice" name="Calendar_Example">
    <skipped/>
  </testcase> <!-- Calendar_Example -->
  <system-out/>
  <testcase classname="automationpractice.Testpractice" name="Mouse_Hover">
    <skipped/>
  </testcase> <!-- Mouse_Hover -->
  <system-out/>
  <testcase classname="automationpractice.Testpractice" name="Switch_Tab">
    <skipped/>
  </testcase> <!-- Switch_Tab -->
  <system-out/>
  <testcase classname="automationpractice.Testpractice" name="Web_Table">
    <skipped/>
  </testcase> <!-- Web_Table -->
  <system-out/>
  <testcase classname="automationpractice.Testpractice" name="Dynamic_Dropdown">
    <skipped/>
  </testcase> <!-- Dynamic_Dropdown -->
  <system-out/>
</testsuite> <!-- automationpractice.Testpractice -->
